0 info it worked if it ends with ok
1 verbose cli [ 'C:\\Program Files (x86)\\nodejs\\node.exe',
1 verbose cli   'C:\\Program Files (x86)\\nodejs\\node_modules\\npm\\bin\\npm-cli.js',
1 verbose cli   'start' ]
2 info using npm@3.9.3
3 info using node@v6.2.1
4 verbose run-script [ 'prestart', 'start', 'poststart' ]
5 info lifecycle test_heroku@1.0.0~prestart: test_heroku@1.0.0
6 silly lifecycle test_heroku@1.0.0~prestart: no script for prestart, continuing
7 info lifecycle test_heroku@1.0.0~start: test_heroku@1.0.0
8 verbose lifecycle test_heroku@1.0.0~start: unsafe-perm in lifecycle true
9 verbose lifecycle test_heroku@1.0.0~start: PATH: C:\Program Files (x86)\nodejs\node_modules\npm\bin\node-gyp-bin;C:\Desk\tiendaf\test_heroku\node_modules\.bin;C:\Program Files (x86)\nodejs;"C:\Program Files (x86)\Heroku\ruby-2.1.7\bin";C:\ProgramData\Oracle\Java\javapath;C:\Program Files\Haskell\bin;C:\desarrollo\Soft\Haskell\7.10.3\lib\extralibs\bin;C:\desarrollo\Soft\Haskell\7.10.3\bin;C:\oracle\product\10.2.0\db_1\bin;C:\Windows\system32;C:\Windows;C:\Windows\System32\Wbem;C:\Windows\System32\WindowsPowerShell\v1.0\;c:\Program Files\Intel\DMIX;C:\Program Files (x86)\Intel\Services\IPT\;C:\Program Files\Microsoft SQL Server\100\DTS\Binn\;C:\Program Files (x86)\Microsoft SQL Server\100\Tools\Binn\VSShell\Common7\IDE\;C:\Program Files (x86)\Microsoft SQL Server\100\Tools\Binn\;C:\Program Files\Microsoft SQL Server\100\Tools\Binn\;C:\Program Files (x86)\Microsoft Visual Studio 9.0\Common7\IDE\PrivateAssemblies\;C:\Program Files (x86)\Microsoft SQL Server\100\DTS\Binn;C:\Dialogo\pbk10;C:\dlg_presentacion\pbk10;C:\Program Files\Microsoft SQL Server\110\DTS\Binn\;C:\Program Files (x86)\Microsoft SQL Server\110\Tools\Binn\ManagementStudio\;C:\Program Files (x86)\Microsoft SQL Server\110\Tools\Binn\;C:\Program Files\Microsoft SQL Server\110\Tools\Binn\;C:\Program Files (x86)\Microsoft SQL Server\110\DTS\Binn\;C:\Program Files (x86)\Microsoft Visual Studio 10.0\Common7\IDE\PrivateAssemblies\;C:\Program Files (x86)\Windows Kits\8.1\Windows Performance Toolkit\;C:\Program Files\cURL\bin;C:\desarrollo\Soft\Haskell\7.10.3\mingw\bin;C:\Windows\system32\config\systemprofile\.dnx\bin;C:\Program Files\Microsoft DNX\Dnvm\;C:\Program Files\Git\cmd;C:\Program Files (x86)\Heroku\bin;C:\Program Files (x86)\git\cmd;C:\Program Files (x86)\Git\cmd;C:\Program Files (x86)\nodejs\;C:\Users\Administrador\AppData\Roaming\npm;C:\Program Files (x86)\Git\bin
10 verbose lifecycle test_heroku@1.0.0~start: CWD: C:\Desk\tiendaf\test_heroku
11 silly lifecycle test_heroku@1.0.0~start: Args: [ '/d /s /c', 'node index.js' ]
12 silly lifecycle test_heroku@1.0.0~start: Returned: code: 1  signal: null
13 info lifecycle test_heroku@1.0.0~start: Failed to exec start script
14 verbose stack Error: test_heroku@1.0.0 start: `node index.js`
14 verbose stack Exit status 1
14 verbose stack     at EventEmitter.<anonymous> (C:\Program Files (x86)\nodejs\node_modules\npm\lib\utils\lifecycle.js:245:16)
14 verbose stack     at emitTwo (events.js:106:13)
14 verbose stack     at EventEmitter.emit (events.js:191:7)
14 verbose stack     at ChildProcess.<anonymous> (C:\Program Files (x86)\nodejs\node_modules\npm\lib\utils\spawn.js:24:14)
14 verbose stack     at emitTwo (events.js:106:13)
14 verbose stack     at ChildProcess.emit (events.js:191:7)
14 verbose stack     at maybeClose (internal/child_process.js:852:16)
14 verbose stack     at Process.ChildProcess._handle.onexit (internal/child_process.js:215:5)
15 verbose pkgid test_heroku@1.0.0
16 verbose cwd C:\Desk\tiendaf\test_heroku
17 error Windows_NT 6.1.7601
18 error argv "C:\\Program Files (x86)\\nodejs\\node.exe" "C:\\Program Files (x86)\\nodejs\\node_modules\\npm\\bin\\npm-cli.js" "start"
19 error node v6.2.1
20 error npm  v3.9.3
21 error code ELIFECYCLE
22 error test_heroku@1.0.0 start: `node index.js`
22 error Exit status 1
23 error Failed at the test_heroku@1.0.0 start script 'node index.js'.
23 error Make sure you have the latest version of node.js and npm installed.
23 error If you do, this is most likely a problem with the test_heroku package,
23 error not with npm itself.
23 error Tell the author that this fails on your system:
23 error     node index.js
23 error You can get information on how to open an issue for this project with:
23 error     npm bugs test_heroku
23 error Or if that isn't available, you can get their info via:
23 error     npm owner ls test_heroku
23 error There is likely additional logging output above.
24 verbose exit [ 1, true ]
